info: ::1 - - [23/Feb/2022:02:30:25 +0000] "GET /api/v1/users/login HTTP/1.1" 500 54 "-" "PostmanRuntime/7.29.0"

info: ::1 - - [23/Feb/2022:04:06:39 +0000] "GET /api/v1/users/login HTTP/1.1" 500 54 "-" "PostmanRuntime/7.29.0"

info: ::1 - - [23/Feb/2022:04:07:23 +0000] "GET /api/v1/users/login HTTP/1.1" 500 92 "-" "PostmanRuntime/7.29.0"

info: ::1 - - [23/Feb/2022:04:07:36 +0000] "GET /api/v1/users/login HTTP/1.1" 500 54 "-" "PostmanRuntime/7.29.0"

info: ::1 - - [23/Feb/2022:04:07:46 +0000] "GET /api/v1/users/login HTTP/1.1" 500 54 "-" "PostmanRuntime/7.29.0"

info: ::1 - - [23/Feb/2022:04:07:58 +0000] "GET /api/v1/users/login HTTP/1.1" 500 54 "-" "PostmanRuntime/7.29.0"

info: ::1 - - [23/Feb/2022:04:09:36 +0000] "POST /api/v1/users/userregister HTTP/1.1" 201 322 "-" "PostmanRuntime/7.29.0"

info: ::1 - - [23/Feb/2022:04:11:24 +0000] "GET /api/v1/users/login HTTP/1.1" 500 54 "-" "PostmanRuntime/7.29.0"

info: ::1 - - [23/Feb/2022:04:11:52 +0000] "POST /api/v1/users/userregister HTTP/1.1" 201 322 "-" "PostmanRuntime/7.29.0"

info: ::1 - - [23/Feb/2022:04:12:11 +0000] "GET /api/v1/users/login HTTP/1.1" 500 54 "-" "PostmanRuntime/7.29.0"

info: ::1 - - [23/Feb/2022:06:05:30 +0000] "POST /api/v1/users/userregister HTTP/1.1" 201 322 "-" "PostmanRuntime/7.29.0"

info: ::1 - - [23/Feb/2022:06:06:54 +0000] "POST /api/v1/users/login HTTP/1.1" 404 47 "-" "PostmanRuntime/7.29.0"

info: ::1 - - [23/Feb/2022:06:06:59 +0000] "GET /api/v1/users/login HTTP/1.1" 500 54 "-" "PostmanRuntime/7.29.0"

info: ::1 - - [23/Feb/2022:06:07:02 +0000] "GET /api/v1/users/login HTTP/1.1" 500 54 "-" "PostmanRuntime/7.29.0"

info: ::1 - - [23/Feb/2022:06:07:20 +0000] "GET /api/v1/users/login HTTP/1.1" 500 54 "-" "PostmanRuntime/7.29.0"

info: ::1 - - [23/Feb/2022:06:07:45 +0000] "POST /api/v1/users/userregister HTTP/1.1" 500 60 "-" "PostmanRuntime/7.29.0"

info: ::1 - - [23/Feb/2022:06:07:57 +0000] "POST /notes HTTP/1.1" 404 47 "-" "PostmanRuntime/7.29.0"

info: ::1 - - [23/Feb/2022:06:11:29 +0000] "POST /api/v1/ HTTP/1.1" 404 47 "-" "PostmanRuntime/7.29.0"

info: ::1 - - [23/Feb/2022:06:11:49 +0000] "POST /api/v1/ HTTP/1.1" 404 47 "-" "PostmanRuntime/7.29.0"

info: ::1 - - [23/Feb/2022:06:12:05 +0000] "POST /api/v1/users/userregister HTTP/1.1" 201 334 "-" "PostmanRuntime/7.29.0"

info: ::1 - - [23/Feb/2022:06:12:34 +0000] "GET /api/v1/login HTTP/1.1" 404 47 "-" "PostmanRuntime/7.29.0"

info: ::1 - - [23/Feb/2022:06:12:44 +0000] "GET /api/v1/user/login HTTP/1.1" 404 47 "-" "PostmanRuntime/7.29.0"

info: ::1 - - [23/Feb/2022:06:12:46 +0000] "GET /api/v1/user/login HTTP/1.1" 404 47 "-" "PostmanRuntime/7.29.0"

info: ::1 - - [23/Feb/2022:06:12:53 +0000] "GET /api/v1/users/login HTTP/1.1" 500 54 "-" "PostmanRuntime/7.29.0"

info: ::1 - - [23/Feb/2022:06:13:05 +0000] "GET /api/v1/users/login HTTP/1.1" 500 54 "-" "PostmanRuntime/7.29.0"

info: ::1 - - [23/Feb/2022:06:13:11 +0000] "GET /api/v1/users/login HTTP/1.1" 500 54 "-" "PostmanRuntime/7.29.0"

info: ::1 - - [23/Feb/2022:07:34:02 +0000] "POST /api/v1/users/userregister HTTP/1.1" 201 327 "-" "PostmanRuntime/7.29.0"

info: ::1 - - [23/Feb/2022:08:20:17 +0000] "GET /api/v1/users/login HTTP/1.1" 500 54 "-" "PostmanRuntime/7.29.0"

info: ::1 - - [23/Feb/2022:08:23:16 +0000] "POST /api/v1/users/userregister HTTP/1.1" 201 322 "-" "PostmanRuntime/7.29.0"

info: ::1 - - [23/Feb/2022:08:24:15 +0000] "GET /api/v1/users/login HTTP/1.1" 200 201 "-" "PostmanRuntime/7.29.0"

info: ::1 - - [23/Feb/2022:08:24:40 +0000] "GET /api/v1/users/login HTTP/1.1" 200 201 "-" "PostmanRuntime/7.29.0"

info: ::1 - - [23/Feb/2022:08:24:41 +0000] "GET /api/v1/users/login HTTP/1.1" 200 201 "-" "PostmanRuntime/7.29.0"

info: ::1 - - [23/Feb/2022:08:24:46 +0000] "GET /api/v1/users/login HTTP/1.1" 200 201 "-" "PostmanRuntime/7.29.0"

info: ::1 - - [23/Feb/2022:08:24:48 +0000] "GET /api/v1/users/login HTTP/1.1" 200 201 "-" "PostmanRuntime/7.29.0"

info: ::1 - - [23/Feb/2022:08:24:58 +0000] "GET /api/v1/users/login HTTP/1.1" 200 201 "-" "PostmanRuntime/7.29.0"

info: ::1 - - [23/Feb/2022:08:31:47 +0000] "GET /api/v1/users/login HTTP/1.1" 200 201 "-" "PostmanRuntime/7.29.0"

info: ::1 - - [23/Feb/2022:08:34:17 +0000] "GET /api/v1/users/login HTTP/1.1" 500 54 "-" "PostmanRuntime/7.29.0"

info: ::1 - - [23/Feb/2022:08:34:29 +0000] "GET /api/v1/users/login HTTP/1.1" 500 54 "-" "PostmanRuntime/7.29.0"

info: ::1 - - [23/Feb/2022:08:34:39 +0000] "GET /api/v1/users/login HTTP/1.1" 500 54 "-" "PostmanRuntime/7.29.0"

info: ::1 - - [23/Feb/2022:08:37:00 +0000] "POST /api/v1/users/userregister HTTP/1.1" 201 319 "-" "PostmanRuntime/7.29.0"

info: ::1 - - [23/Feb/2022:08:37:35 +0000] "GET /api/v1/users/login HTTP/1.1" 500 54 "-" "PostmanRuntime/7.29.0"

info: ::1 - - [23/Feb/2022:08:39:35 +0000] "GET /api/v1/users/login HTTP/1.1" 500 54 "-" "PostmanRuntime/7.29.0"

