info: ::1 - - [21/Feb/2022:08:18:23 +0000] "POST /api/v1 HTTP/1.1" 404 47 "-" "PostmanRuntime/7.29.0"

info: ::1 - - [21/Feb/2022:08:18:38 +0000] "POST /api HTTP/1.1" 404 47 "-" "PostmanRuntime/7.29.0"

info: ::1 - - [21/Feb/2022:08:18:45 +0000] "POST /api/v1 HTTP/1.1" 404 47 "-" "PostmanRuntime/7.29.0"

info: ::1 - - [21/Feb/2022:08:19:34 +0000] "GET /api/v1 HTTP/1.1" 200 9 "-" "PostmanRuntime/7.29.0"

info: ::1 - - [21/Feb/2022:08:28:24 +0000] "POST /api/v1/user HTTP/1.1" 404 47 "-" "PostmanRuntime/7.29.0"

info: ::1 - - [21/Feb/2022:08:29:32 +0000] "POST /api/v1/user HTTP/1.1" 404 47 "-" "PostmanRuntime/7.29.0"

info: ::1 - - [21/Feb/2022:08:30:10 +0000] "POST /api/v1/user HTTP/1.1" 404 47 "-" "PostmanRuntime/7.29.0"

info: ::1 - - [21/Feb/2022:10:27:41 +0000] "POST /userregister HTTP/1.1" 404 47 "-" "PostmanRuntime/7.29.0"

info: ::1 - - [21/Feb/2022:10:32:23 +0000] "POST /api/v1/users/userregister HTTP/1.1" 500 107 "-" "PostmanRuntime/7.29.0"

info: ::1 - - [21/Feb/2022:10:33:51 +0000] "POST /api/v1/users/userregister HTTP/1.1" 500 107 "-" "PostmanRuntime/7.29.0"

info: ::1 - - [21/Feb/2022:10:34:56 +0000] "POST /api/v1/users/userregister HTTP/1.1" 500 107 "-" "PostmanRuntime/7.29.0"

info: ::1 - - [21/Feb/2022:10:39:57 +0000] "POST /api/v1/users/userregister HTTP/1.1" 500 107 "-" "PostmanRuntime/7.29.0"

info: ::1 - - [21/Feb/2022:10:42:08 +0000] "POST /api/v1/users/userregister HTTP/1.1" 500 60 "-" "PostmanRuntime/7.29.0"

info: ::1 - - [21/Feb/2022:10:43:22 +0000] "POST /api/v1/users/userregister HTTP/1.1" 500 58 "-" "PostmanRuntime/7.29.0"

info: ::1 - - [21/Feb/2022:10:43:32 +0000] "POST /api/v1/users/userregister HTTP/1.1" 500 58 "-" "PostmanRuntime/7.29.0"

info: ::1 - - [21/Feb/2022:10:43:34 +0000] "POST /api/v1/users/userregister HTTP/1.1" 500 58 "-" "PostmanRuntime/7.29.0"

info: ::1 - - [21/Feb/2022:10:43:45 +0000] "POST /api/v1/users/userregister HTTP/1.1" 500 87 "-" "PostmanRuntime/7.29.0"

info: ::1 - - [21/Feb/2022:10:44:55 +0000] "POST /api/v1/users/userregistor HTTP/1.1" 404 47 "-" "PostmanRuntime/7.29.0"

info: ::1 - - [21/Feb/2022:10:45:32 +0000] "POST /api/v1/users/userregister HTTP/1.1" 500 59 "-" "PostmanRuntime/7.29.0"

info: ::1 - - [21/Feb/2022:10:45:35 +0000] "POST /api/v1/users/userregister HTTP/1.1" 500 59 "-" "PostmanRuntime/7.29.0"

info: ::1 - - [21/Feb/2022:10:45:45 +0000] "POST /api/v1/users/userregister HTTP/1.1" 500 88 "-" "PostmanRuntime/7.29.0"

info: ::1 - - [21/Feb/2022:10:46:50 +0000] "POST /api/v1/users/userregister HTTP/1.1" 500 173 "-" "PostmanRuntime/7.29.0"

info: ::1 - - [21/Feb/2022:10:57:07 +0000] "POST /api/v1/users/userregister HTTP/1.1" 201 283 "-" "PostmanRuntime/7.29.0"

info: ::1 - - [21/Feb/2022:15:43:19 +0000] "POST /api/v1/users/userregister HTTP/1.1" 500 162 "-" "PostmanRuntime/7.29.0"

info: ::1 - - [21/Feb/2022:15:43:29 +0000] "POST /api/v1/users/userregister HTTP/1.1" 500 162 "-" "PostmanRuntime/7.29.0"

info: ::1 - - [21/Feb/2022:15:43:30 +0000] "POST /api/v1/users/userregister HTTP/1.1" 500 162 "-" "PostmanRuntime/7.29.0"

info: ::1 - - [21/Feb/2022:15:46:41 +0000] "POST /api/v1/users/userregister HTTP/1.1" 500 77 "-" "PostmanRuntime/7.29.0"

info: ::1 - - [21/Feb/2022:15:46:46 +0000] "POST /api/v1/users/userregister HTTP/1.1" 500 77 "-" "PostmanRuntime/7.29.0"

info: ::1 - - [21/Feb/2022:15:47:56 +0000] "POST /api/v1/users/userregister HTTP/1.1" 500 162 "-" "PostmanRuntime/7.29.0"

info: ::1 - - [21/Feb/2022:15:47:58 +0000] "POST /api/v1/users/userregister HTTP/1.1" 500 162 "-" "PostmanRuntime/7.29.0"

info: ::1 - - [21/Feb/2022:15:48:23 +0000] "POST /api/v1/users/userregister HTTP/1.1" 500 162 "-" "PostmanRuntime/7.29.0"

info: ::1 - - [21/Feb/2022:16:34:30 +0000] "POST /api/v1/users/userregiser HTTP/1.1" 404 47 "-" "PostmanRuntime/7.29.0"

info: ::1 - - [21/Feb/2022:16:35:01 +0000] "POST /api/v1/users/userregister HTTP/1.1" 500 61 "-" "PostmanRuntime/7.29.0"

info: ::1 - - [21/Feb/2022:16:36:25 +0000] "POST /api/v1/users/userregistration HTTP/1.1" 404 47 "-" "PostmanRuntime/7.29.0"

info: ::1 - - [21/Feb/2022:16:36:34 +0000] "POST /api/v1/users/userregister HTTP/1.1" 500 61 "-" "PostmanRuntime/7.29.0"

info: ::1 - - [21/Feb/2022:16:37:02 +0000] "POST /users/userregister HTTP/1.1" 404 47 "-" "PostmanRuntime/7.29.0"

info: ::1 - - [21/Feb/2022:16:43:00 +0000] "POST /users/userregister HTTP/1.1" 404 47 "-" "PostmanRuntime/7.29.0"

info: ::1 - - [21/Feb/2022:16:43:40 +0000] "GET /users/userregister HTTP/1.1" 404 47 "-" "PostmanRuntime/7.29.0"

info: ::1 - - [21/Feb/2022:16:44:05 +0000] "GET /api/v1/users/userregister HTTP/1.1" 400 56 "-" "PostmanRuntime/7.29.0"

info: ::1 - - [21/Feb/2022:16:45:59 +0000] "POST /api/v1/users/userregister HTTP/1.1" 500 61 "-" "PostmanRuntime/7.29.0"

info: ::1 - - [21/Feb/2022:16:46:23 +0000] "POST /users/userregister HTTP/1.1" 404 47 "-" "PostmanRuntime/7.29.0"

info: ::1 - - [21/Feb/2022:16:46:41 +0000] "POST /api/v1/users/userregister HTTP/1.1" 500 61 "-" "PostmanRuntime/7.29.0"

info: ::1 - - [21/Feb/2022:16:51:50 +0000] "POST /api/v1/users/userregister HTTP/1.1" 500 61 "-" "PostmanRuntime/7.29.0"

info: ::1 - - [21/Feb/2022:16:52:30 +0000] "POST /api/v1/users/userregister HTTP/1.1" 500 61 "-" "PostmanRuntime/7.29.0"

info: ::1 - - [21/Feb/2022:16:52:41 +0000] "POST /api/v1/users/userregister HTTP/1.1" 500 61 "-" "PostmanRuntime/7.29.0"

info: ::1 - - [21/Feb/2022:16:54:46 +0000] "GET /users/userregister HTTP/1.1" 404 47 "-" "PostmanRuntime/7.29.0"

info: ::1 - - [21/Feb/2022:16:55:23 +0000] "GET /api/v1/users/userregister HTTP/1.1" 400 56 "-" "PostmanRuntime/7.29.0"

info: ::1 - - [21/Feb/2022:16:56:53 +0000] "GET /users/userregister HTTP/1.1" 404 47 "-" "PostmanRuntime/7.29.0"

info: ::1 - - [21/Feb/2022:17:06:18 +0000] "POST /api/v1/users/userregister HTTP/1.1" 500 61 "-" "PostmanRuntime/7.29.0"

info: ::1 - - [21/Feb/2022:17:10:25 +0000] "POST /api/v1/users/userregister HTTP/1.1" 500 61 "-" "PostmanRuntime/7.29.0"

info: ::ffff:127.0.0.1 - - [21/Feb/2022:17:14:09 +0000] "POST /api/v1/users/userregister HTTP/1.1" 500 60 "-" "Thunder Client (https://www.thunderclient.com)"

info: ::ffff:127.0.0.1 - - [21/Feb/2022:17:15:29 +0000] "POST /api/v1/users/userregister HTTP/1.1" 500 61 "-" "Thunder Client (https://www.thunderclient.com)"

info: ::1 - - [21/Feb/2022:17:18:07 +0000] "POST /api/v1/users/userregister HTTP/1.1" 500 61 "-" "PostmanRuntime/7.29.0"

info: ::ffff:127.0.0.1 - - [21/Feb/2022:17:22:30 +0000] "POST /api/v1/users/userregister HTTP/1.1" 500 61 "-" "Thunder Client (https://www.thunderclient.com)"

info: ::ffff:127.0.0.1 - - [21/Feb/2022:17:34:03 +0000] "POST /api/v1/users/userregister HTTP/1.1" 500 61 "-" "Thunder Client (https://www.thunderclient.com)"

info: ::1 - - [22/Feb/2022:02:34:03 +0000] "POST /api/v1/users/userregister HTTP/1.1" 500 61 "-" "PostmanRuntime/7.29.0"

info: ::1 - - [22/Feb/2022:03:25:42 +0000] "POST /api/v1/users/userregister HTTP/1.1" 500 61 "-" "PostmanRuntime/7.29.0"

info: ::1 - - [22/Feb/2022:03:29:32 +0000] "POST /api/v1/users/userregister HTTP/1.1" 500 61 "-" "PostmanRuntime/7.29.0"

info: ::1 - - [22/Feb/2022:03:35:42 +0000] "POST /api/v1/users/userregister HTTP/1.1" 201 322 "-" "PostmanRuntime/7.29.0"

info: ::1 - - [22/Feb/2022:04:54:43 +0000] "GET /api/v1/users/login HTTP/1.1" 500 90 "-" "PostmanRuntime/7.29.0"

info: ::1 - - [22/Feb/2022:04:55:14 +0000] "GET /api/v1/users/login HTTP/1.1" 500 60 "-" "PostmanRuntime/7.29.0"

info: ::1 - - [22/Feb/2022:05:04:05 +0000] "GET /api/v1/users/login HTTP/1.1" 500 60 "-" "PostmanRuntime/7.29.0"

info: ::1 - - [22/Feb/2022:05:04:06 +0000] "GET /api/v1/users/login HTTP/1.1" 500 60 "-" "PostmanRuntime/7.29.0"

info: ::1 - - [22/Feb/2022:05:04:07 +0000] "GET /api/v1/users/login HTTP/1.1" 500 60 "-" "PostmanRuntime/7.29.0"

info: ::1 - - [22/Feb/2022:05:41:58 +0000] "POST /api/v1/users/userregister HTTP/1.1" 500 59 "-" "PostmanRuntime/7.29.0"

info: ::1 - - [22/Feb/2022:05:42:45 +0000] "POST /api/v1/users/userregister HTTP/1.1" 201 334 "-" "PostmanRuntime/7.29.0"

info: ::1 - - [22/Feb/2022:05:43:27 +0000] "GET /api/v1/users/login HTTP/1.1" 500 90 "-" "PostmanRuntime/7.29.0"

info: ::1 - - [22/Feb/2022:05:48:13 +0000] "GET /api/v1/users/login HTTP/1.1" 500 90 "-" "PostmanRuntime/7.29.0"

info: ::1 - - [22/Feb/2022:05:53:42 +0000] "GET /api/v1/users/login HTTP/1.1" 500 90 "-" "PostmanRuntime/7.29.0"

info: ::1 - - [22/Feb/2022:05:53:43 +0000] "GET /api/v1/users/login HTTP/1.1" 500 90 "-" "PostmanRuntime/7.29.0"

info: ::1 - - [22/Feb/2022:05:58:18 +0000] "GET /api/v1/users/login HTTP/1.1" 200 43 "-" "PostmanRuntime/7.29.0"

info: ::1 - - [22/Feb/2022:06:02:33 +0000] "GET /api/v1/users/login HTTP/1.1" 200 201 "-" "PostmanRuntime/7.29.0"

info: ::1 - - [22/Feb/2022:06:03:57 +0000] "GET /api/v1/users/login HTTP/1.1" 200 201 "-" "PostmanRuntime/7.29.0"

info: ::1 - - [22/Feb/2022:11:34:16 +0000] "GET /api/v1/users/login HTTP/1.1" 200 201 "-" "PostmanRuntime/7.29.0"

info: ::1 - - [22/Feb/2022:11:39:28 +0000] "GET /api/v1/users/login HTTP/1.1" 500 54 "-" "PostmanRuntime/7.29.0"

info: ::1 - - [23/Feb/2022:02:30:25 +0000] "GET /api/v1/users/login HTTP/1.1" 500 54 "-" "PostmanRuntime/7.29.0"

info: ::1 - - [23/Feb/2022:04:06:39 +0000] "GET /api/v1/users/login HTTP/1.1" 500 54 "-" "PostmanRuntime/7.29.0"

info: ::1 - - [23/Feb/2022:04:07:23 +0000] "GET /api/v1/users/login HTTP/1.1" 500 92 "-" "PostmanRuntime/7.29.0"

info: ::1 - - [23/Feb/2022:04:07:36 +0000] "GET /api/v1/users/login HTTP/1.1" 500 54 "-" "PostmanRuntime/7.29.0"

info: ::1 - - [23/Feb/2022:04:07:46 +0000] "GET /api/v1/users/login HTTP/1.1" 500 54 "-" "PostmanRuntime/7.29.0"

info: ::1 - - [23/Feb/2022:04:07:58 +0000] "GET /api/v1/users/login HTTP/1.1" 500 54 "-" "PostmanRuntime/7.29.0"

info: ::1 - - [23/Feb/2022:04:09:36 +0000] "POST /api/v1/users/userregister HTTP/1.1" 201 322 "-" "PostmanRuntime/7.29.0"

info: ::1 - - [23/Feb/2022:04:11:24 +0000] "GET /api/v1/users/login HTTP/1.1" 500 54 "-" "PostmanRuntime/7.29.0"

info: ::1 - - [23/Feb/2022:04:11:52 +0000] "POST /api/v1/users/userregister HTTP/1.1" 201 322 "-" "PostmanRuntime/7.29.0"

info: ::1 - - [23/Feb/2022:04:12:11 +0000] "GET /api/v1/users/login HTTP/1.1" 500 54 "-" "PostmanRuntime/7.29.0"

info: ::1 - - [23/Feb/2022:06:05:30 +0000] "POST /api/v1/users/userregister HTTP/1.1" 201 322 "-" "PostmanRuntime/7.29.0"

info: ::1 - - [23/Feb/2022:06:06:54 +0000] "POST /api/v1/users/login HTTP/1.1" 404 47 "-" "PostmanRuntime/7.29.0"

info: ::1 - - [23/Feb/2022:06:06:59 +0000] "GET /api/v1/users/login HTTP/1.1" 500 54 "-" "PostmanRuntime/7.29.0"

info: ::1 - - [23/Feb/2022:06:07:02 +0000] "GET /api/v1/users/login HTTP/1.1" 500 54 "-" "PostmanRuntime/7.29.0"

info: ::1 - - [23/Feb/2022:06:07:20 +0000] "GET /api/v1/users/login HTTP/1.1" 500 54 "-" "PostmanRuntime/7.29.0"

info: ::1 - - [23/Feb/2022:06:07:45 +0000] "POST /api/v1/users/userregister HTTP/1.1" 500 60 "-" "PostmanRuntime/7.29.0"

info: ::1 - - [23/Feb/2022:06:07:57 +0000] "POST /notes HTTP/1.1" 404 47 "-" "PostmanRuntime/7.29.0"

info: ::1 - - [23/Feb/2022:06:11:29 +0000] "POST /api/v1/ HTTP/1.1" 404 47 "-" "PostmanRuntime/7.29.0"

info: ::1 - - [23/Feb/2022:06:11:49 +0000] "POST /api/v1/ HTTP/1.1" 404 47 "-" "PostmanRuntime/7.29.0"

info: ::1 - - [23/Feb/2022:06:12:05 +0000] "POST /api/v1/users/userregister HTTP/1.1" 201 334 "-" "PostmanRuntime/7.29.0"

info: ::1 - - [23/Feb/2022:06:12:34 +0000] "GET /api/v1/login HTTP/1.1" 404 47 "-" "PostmanRuntime/7.29.0"

info: ::1 - - [23/Feb/2022:06:12:44 +0000] "GET /api/v1/user/login HTTP/1.1" 404 47 "-" "PostmanRuntime/7.29.0"

info: ::1 - - [23/Feb/2022:06:12:46 +0000] "GET /api/v1/user/login HTTP/1.1" 404 47 "-" "PostmanRuntime/7.29.0"

info: ::1 - - [23/Feb/2022:06:12:53 +0000] "GET /api/v1/users/login HTTP/1.1" 500 54 "-" "PostmanRuntime/7.29.0"

info: ::1 - - [23/Feb/2022:06:13:05 +0000] "GET /api/v1/users/login HTTP/1.1" 500 54 "-" "PostmanRuntime/7.29.0"

info: ::1 - - [23/Feb/2022:06:13:11 +0000] "GET /api/v1/users/login HTTP/1.1" 500 54 "-" "PostmanRuntime/7.29.0"

info: ::1 - - [23/Feb/2022:07:34:02 +0000] "POST /api/v1/users/userregister HTTP/1.1" 201 327 "-" "PostmanRuntime/7.29.0"

info: ::1 - - [23/Feb/2022:08:20:17 +0000] "GET /api/v1/users/login HTTP/1.1" 500 54 "-" "PostmanRuntime/7.29.0"

info: ::1 - - [23/Feb/2022:08:23:16 +0000] "POST /api/v1/users/userregister HTTP/1.1" 201 322 "-" "PostmanRuntime/7.29.0"

info: ::1 - - [23/Feb/2022:08:24:15 +0000] "GET /api/v1/users/login HTTP/1.1" 200 201 "-" "PostmanRuntime/7.29.0"

info: ::1 - - [23/Feb/2022:08:24:40 +0000] "GET /api/v1/users/login HTTP/1.1" 200 201 "-" "PostmanRuntime/7.29.0"

info: ::1 - - [23/Feb/2022:08:24:41 +0000] "GET /api/v1/users/login HTTP/1.1" 200 201 "-" "PostmanRuntime/7.29.0"

info: ::1 - - [23/Feb/2022:08:24:46 +0000] "GET /api/v1/users/login HTTP/1.1" 200 201 "-" "PostmanRuntime/7.29.0"

info: ::1 - - [23/Feb/2022:08:24:48 +0000] "GET /api/v1/users/login HTTP/1.1" 200 201 "-" "PostmanRuntime/7.29.0"

info: ::1 - - [23/Feb/2022:08:24:58 +0000] "GET /api/v1/users/login HTTP/1.1" 200 201 "-" "PostmanRuntime/7.29.0"

info: ::1 - - [23/Feb/2022:08:31:47 +0000] "GET /api/v1/users/login HTTP/1.1" 200 201 "-" "PostmanRuntime/7.29.0"

info: ::1 - - [23/Feb/2022:08:34:17 +0000] "GET /api/v1/users/login HTTP/1.1" 500 54 "-" "PostmanRuntime/7.29.0"

info: ::1 - - [23/Feb/2022:08:34:29 +0000] "GET /api/v1/users/login HTTP/1.1" 500 54 "-" "PostmanRuntime/7.29.0"

info: ::1 - - [23/Feb/2022:08:34:39 +0000] "GET /api/v1/users/login HTTP/1.1" 500 54 "-" "PostmanRuntime/7.29.0"

info: ::1 - - [23/Feb/2022:08:37:00 +0000] "POST /api/v1/users/userregister HTTP/1.1" 201 319 "-" "PostmanRuntime/7.29.0"

info: ::1 - - [23/Feb/2022:08:37:35 +0000] "GET /api/v1/users/login HTTP/1.1" 500 54 "-" "PostmanRuntime/7.29.0"

info: ::1 - - [23/Feb/2022:08:39:35 +0000] "GET /api/v1/users/login HTTP/1.1" 500 54 "-" "PostmanRuntime/7.29.0"

